<?xml version="1.0" encoding="UTF-8"?>
<!-- Generated by org.testng.reporters.JUnitReportReporter -->
<testsuite skipped="0" hostname="DESKTOP-5KLMRA1" name="com.crm.vtiger.parameterLogin.LoginfromMavencmdTest" tests="1" failures="0" timestamp="2022-03-24T10:08:41 IST" time="23.285" errors="0">
  <testcase name="loginPage" time="23.285" classname="com.crm.vtiger.parameterLogin.LoginfromMavencmdTest"/>
  <system-out/>
</testsuite> <!-- com.crm.vtiger.parameterLogin.LoginfromMavencmdTest -->
