<?xml version="1.0" encoding="UTF-8"?>
<!-- Generated by org.testng.reporters.JUnitReportReporter -->
<testsuite skipped="0" hostname="DESKTOP-5KLMRA1" name="com.crm.vtiger.parameterLogin.ParameterfromEclipseTest" tests="1" failures="0" timestamp="2022-03-23T14:04:16 IST" time="0.013" errors="0">
  <testcase name="loginPage" time="0.013" classname="com.crm.vtiger.parameterLogin.ParameterfromEclipseTest"/>
  <system-out/>
</testsuite> <!-- com.crm.vtiger.parameterLogin.ParameterfromEclipseTest -->
